<?xml version="1.0" encoding="UTF-8"?>
<testng-results ignored="0" total="2" passed="2" failed="0" skipped="0">
  <reporter-output>
  </reporter-output>
  <suite started-at="2023-03-10T19:27:49 IST" name="Suite" finished-at="2023-03-10T19:28:42 IST" duration-ms="52977">
    <groups>
    </groups>
    <test started-at="2023-03-10T19:27:49 IST" name="Test" finished-at="2023-03-10T19:28:42 IST" duration-ms="52977">
      <class name="com.crm.crm_hybridframework.logintest.LoginTest">
        <test-method signature="test()[pri:0, instance:com.crm.crm_hybridframework.logintest.LoginTest@72f926e6]" started-at="2023-03-10T19:27:49 IST" name="test" finished-at="2023-03-10T19:28:23 IST" duration-ms="33566" status="PASS">
          <reporter-output>
          </reporter-output>
        </test-method> <!-- test -->
      </class> <!-- com.crm.crm_hybridframework.logintest.LoginTest -->
      <class name="com.crm.crm_hybridframework.logintest.ForgotPasswordTest">
        <test-method signature="test()[pri:0, instance:com.crm.crm_hybridframework.logintest.ForgotPasswordTest@41fbdac4]" started-at="2023-03-10T19:28:23 IST" name="test" finished-at="2023-03-10T19:28:42 IST" duration-ms="19348" status="PASS">
          <reporter-output>
          </reporter-output>
        </test-method> <!-- test -->
      </class> <!-- com.crm.crm_hybridframework.logintest.ForgotPasswordTest -->
    </test> <!-- Test -->
  </suite> <!-- Suite -->
</testng-results>
