<?xml version="1.0" encoding="UTF-8"?>
<testng-results ignored="0" total="1" passed="1" failed="0" skipped="0">
  <reporter-output>
  </reporter-output>
  <suite started-at="2023-03-18T14:43:50 IST" name="Default suite" finished-at="2023-03-18T14:44:23 IST" duration-ms="33011">
    <groups>
    </groups>
    <test started-at="2023-03-18T14:43:50 IST" name="Default test" finished-at="2023-03-18T14:44:23 IST" duration-ms="33011">
      <class name="com.crm.crm_hybridframework.logintest.LoginTest">
        <test-method signature="test()[pri:0, instance:com.crm.crm_hybridframework.logintest.LoginTest@537f60bf]" started-at="2023-03-18T14:43:50 IST" name="test" finished-at="2023-03-18T14:44:23 IST" duration-ms="32940" status="PASS">
          <reporter-output>
          </reporter-output>
        </test-method> <!-- test -->
      </class> <!-- com.crm.crm_hybridframework.logintest.LoginTest -->
    </test> <!-- Default test -->
  </suite> <!-- Default suite -->
</testng-results>
