<?xml version="1.0" encoding="UTF-8"?>
<testng-results ignored="0" total="2" passed="2" failed="0" skipped="0">
  <reporter-output>
  </reporter-output>
  <suite started-at="2023-03-10T19:08:00 IST" name="Suite" finished-at="2023-03-10T19:08:53 IST" duration-ms="53546">
    <groups>
    </groups>
    <test started-at="2023-03-10T19:08:00 IST" name="Test" finished-at="2023-03-10T19:08:53 IST" duration-ms="53546">
      <class name="com.crm.crm_hybridframework.logintest.LoginTest">
        <test-method signature="test()[pri:0, instance:com.crm.crm_hybridframework.logintest.LoginTest@51e69659]" started-at="2023-03-10T19:08:00 IST" name="test" finished-at="2023-03-10T19:08:34 IST" duration-ms="34406" status="PASS">
          <reporter-output>
          </reporter-output>
        </test-method> <!-- test -->
      </class> <!-- com.crm.crm_hybridframework.logintest.LoginTest -->
      <class name="com.crm.crm_hybridframework.logintest.ForgotPasswordTest">
        <test-method signature="test()[pri:0, instance:com.crm.crm_hybridframework.logintest.ForgotPasswordTest@48aca48b]" started-at="2023-03-10T19:08:34 IST" name="test" finished-at="2023-03-10T19:08:53 IST" duration-ms="19061" status="PASS">
          <reporter-output>
          </reporter-output>
        </test-method> <!-- test -->
      </class> <!-- com.crm.crm_hybridframework.logintest.ForgotPasswordTest -->
    </test> <!-- Test -->
  </suite> <!-- Suite -->
</testng-results>
